============================================================
  Generated by:           Genus(TM) Synthesis Solution 20.11-s111_1
  Generated on:           Aug 31 2025  11:46:16 am
  Module:                 input_taker_2
  Operating conditions:   _nominal_ (balanced_tree)
  Wireload mode:          enclosed
  Area mode:              timing library
============================================================


Path 1: MET (0 ps) Setup Check with Pin t6_reg[7]/CLK->D
          Group: clk
     Startpoint: (R) i_cur_reg[2]/CLK
          Clock: (R) clk
       Endpoint: (R) t6_reg[7]/D
          Clock: (R) clk

                     Capture       Launch     
        Clock Edge:+     674            0     
       Src Latency:+       0            0     
       Net Latency:+       0 (I)        0 (I) 
           Arrival:=     674            0     
                                              
             Setup:-      45                  
       Uncertainty:-     200                  
     Required Time:=     429                  
      Launch Clock:-       0                  
         Data Path:-     429                  
             Slack:=       0                  

#-------------------------------------------------------------------------------------------
#  Timing Point    Flags    Arc    Edge   Cell     Fanout Load Trans Delay Arrival Instance 
#                                                         (fF)  (ps)  (ps)   (ps)  Location 
#-------------------------------------------------------------------------------------------
  i_cur_reg[2]/CLK -       -       R     (arrival)    113    -   250     0       0    (-,-) 
  i_cur_reg[2]/QN  -       CLK->QN F     DFFX2          6 32.4    89   190     190    (-,-) 
  g54/ZN           -       INP->ZN R     INVX4          5 17.1    41    24     213    (-,-) 
  g50/QN           -       IN1->QN F     NAND2X1        2 10.6    69    44     257    (-,-) 
  g47/QN           -       IN2->QN R     NAND2X2        1 11.9    56    38     295    (-,-) 
  g44/QN           -       IN1->QN F     NOR2X4        12 22.8    55    37     332    (-,-) 
  g8203__2346/Q    -       IN2->Q  F     OA22X1         2  7.0    44    78     410    (-,-) 
  g8108__8428/QN   -       IN1->QN R     NOR2X2         1  1.7    36    18     429    (-,-) 
  t6_reg[7]/D      <<<     -       R     DFFX1          1    -     -     0     429    (-,-) 
#-------------------------------------------------------------------------------------------

